<?xml version="1.0" encoding="UTF-8"?>
<!-- Generated by org.testng.reporters.JUnitXMLReporter -->
<testsuite hostname="EEE" failures="1" tests="2" name="ReccomendationsForNextAppointment" time="181.025" errors="0" timestamp="17 Nov 2019 11:40:56 GMT">
  <testcase classname="zimun.torim.tests._002_ZimunTorimReccomendationsForNextAppointmentTest" name="getAppoitmentTypesAccordingToPatientsReccomendation" time="102.152"/>
  <testcase classname="zimun.torim.tests._002_ZimunTorimReccomendationsForNextAppointmentTest" name="getAppoitmentTypesAccordingToPatientsReccomendation" time="78.775">
    <failure type="java.lang.AssertionError" message="Expecting to see &amp;apos;אח/ות&amp;apos; within the appointment type for the patient, but recieved: &amp;apos;רופא/ה&amp;apos; expected [true] but found [false]">
      <![CDATA[java.lang.AssertionError: Expecting to see 'אח/ות' within the appointment type for the patient, but recieved: 'רופא/ה' expected [true] but found [false]
	at zimun.torim.infra.utils.AssertUtils.assertTrue(AssertUtils.java:30)
	at zimun.torim.infra.utils.AssertUtils.assertTrue(AssertUtils.java:24)
	at zimun.torim.tests._002_ZimunTorimReccomendationsForNextAppointmentTest.getAppoitmentTypesAccordingToPatientsReccomendation(_002_ZimunTorimReccomendationsForNextAppointmentTest.java:125)
... Removed 27 stack frames]]>
    </failure>
  </testcase> <!-- getAppoitmentTypesAccordingToPatientsReccomendation -->
</testsuite> <!-- ReccomendationsForNextAppointment -->
