<?xml version="1.0" encoding="UTF-8"?>
<!-- Generated by org.testng.reporters.JUnitXMLReporter -->
<testsuite hostname="EEE" failures="0" tests="6" name="Regression1" time="197.737" errors="0" timestamp="2 Oct 2019 07:49:40 GMT">
  <testcase classname="zimun.torim.tests._001_ZimunTorimVerifyPersonalDetailsTest" name="_001_ZimunTorimVerifyPersonalDetails" time="6.238"/>
  <testcase classname="zimun.torim.tests._002_ZimunTorimStationLocatingTest" name="_002_ZimunTorimStationLocating" time="52.574"/>
  <testcase classname="zimun.torim.tests._003_ZimunTorimSelectAppointmentTest" name="ZimunTorimSelectAppointment" time="0.814"/>
  <testcase classname="zimun.torim.tests._004_ZimunTorimSetAppointmentTest" name="ZimunTorimSetAppointment" time="0.75"/>
  <testcase classname="zimun.torim.tests._005_ZimunTorimAppointmentApprovalTest" name="ZimunTorimAppointmentApproval" time="0.796"/>
  <testcase classname="zimun.torim.tests._006_ZimunTorimCancelAppointmentTest" name="ZimunTorimCancelAppointment" time="114.952"/>
</testsuite> <!-- Regression1 -->
