<?xml version="1.0" encoding="UTF-8"?>
<!-- Generated by org.testng.reporters.JUnitXMLReporter -->
<testsuite hostname="EEE" failures="0" tests="7" name="Regression1" time="214.987" errors="0" timestamp="9 Oct 2019 22:45:20 GMT">
  <testcase classname="zimun.torim.tests._001_ZimunTorimVerifyPersonalDetailsTest" name="_001_ZimunTorimVerifyPersonalDetails" time="8.23"/>
  <testcase classname="zimun.torim.tests._002_ZimunTorimStationLocatingTest" name="_002_ZimunTorimStationLocating" time="38.544"/>
  <testcase classname="zimun.torim.tests._003_ZimunTorimSelectAppointmentTest" name="ZimunTorimSelectAppointment" time="0.94"/>
  <testcase classname="zimun.torim.tests._004_ZimunTorimSetAppointmentTest" name="ZimunTorimSetAppointment" time="2.572"/>
  <testcase classname="zimun.torim.tests._005_ZimunTorimAppointmentApprovalTest" name="ZimunTorimAppointmentApproval" time="0.806"/>
  <testcase classname="zimun.torim.tests._007_ZimunTorimUpdateAppointmentTest" name="_007_ZimunTorimUpdateAppointment" time="36.663"/>
  <testcase classname="zimun.torim.tests._008_ZimunTorimVerifyEmailNotificationsRecievedTest" name="_008_ZimunTorimVerifyEmailNotificationsRecieved" time="127.102"/>
</testsuite> <!-- Regression1 -->
