<?xml version="1.0" encoding="UTF-8"?>
<!-- Generated by org.testng.reporters.JUnitXMLReporter -->
<testsuite hostname="EEE" failures="1" tests="1" name="UpdateAppointment" time="0.75" errors="0" timestamp="24 Oct 2019 12:03:49 GMT">
  <testcase classname="zimun.torim.tests._007_ZimunTorimUpdateAppointmentTest" name="_007_ZimunTorimUpdateAppointment" time="0.543">
    <failure type="org.openqa.selenium.ElementClickInterceptedException" message="element click intercepted: Element &amp;lt;a href=&amp;quot;javascript:void(0)&amp;quot; id=&amp;quot;butChangingDateAppointment&amp;quot; ng-click=&amp;quot;ChangingDateAppointment($event)&amp;quot; style=&amp;quot;height:34px;&amp;quot; class=&amp;quot;col-xs-6-own-width1 fhc-backbut confirm-button confirm-change&amp;quot;&amp;gt;...&amp;lt;/a&amp;gt; is not clickable at point (875, 283). Other element would receive the click: &amp;lt;div class=&amp;quot;ngdialog-content&amp;quot; role=&amp;quot;document&amp;quot;&amp;gt;...&amp;lt;/div&amp;gt;
  (Session info: chrome=77.0.3865.120)
Build info: version: &amp;apos;3.141.59&amp;apos;, revision: &amp;apos;e82be7d358&amp;apos;, time: &amp;apos;2018-11-14T08:17:03&amp;apos;
System info: host: &amp;apos;EEE&amp;apos;, ip: &amp;apos;192.168.1.130&amp;apos;, os.name: &amp;apos;Windows 7&amp;apos;, os.arch: &amp;apos;amd64&amp;apos;, os.version: &amp;apos;6.1&amp;apos;, java.version: &amp;apos;12.0.1&amp;apos;
Driver info: org.openqa.selenium.chrome.ChromeDriver
Capabilities {acceptInsecureCerts: false, browserName: chrome, browserVersion: 77.0.3865.120, chrome: {chromedriverVersion: 76.0.3809.126 (d80a294506b4..., userDataDir: C:\Users\ADMINI~1\AppData\L...}, goog:chromeOptions: {debuggerAddress: localhost:52648}, javascriptEnabled: true, networkConnectionEnabled: false, pageLoadStrategy: normal, platform: XP, platformName: XP, proxy: Proxy(), setWindowRect: true, strictFileInteractability: false, timeouts: {implicit: 0, pageLoad: 300000, script: 30000}, unhandledPromptBehavior: dismiss and notify}
Session ID: 64e80f24c7fe8fbf0776a66c043a8487">
      <![CDATA[org.openqa.selenium.ElementClickInterceptedException: element click intercepted: Element <a href="javascript:void(0)" id="butChangingDateAppointment" ng-click="ChangingDateAppointment($event)" style="height:34px;" class="col-xs-6-own-width1 fhc-backbut confirm-button confirm-change">...</a> is not clickable at point (875, 283). Other element would receive the click: <div class="ngdialog-content" role="document">...</div>
  (Session info: chrome=77.0.3865.120)
Build info: version: '3.141.59', revision: 'e82be7d358', time: '2018-11-14T08:17:03'
System info: host: 'EEE', ip: '192.168.1.130', os.name: 'Windows 7', os.arch: 'amd64', os.version: '6.1', java.version: '12.0.1'
Driver info: org.openqa.selenium.chrome.ChromeDriver
Capabilities {acceptInsecureCerts: false, browserName: chrome, browserVersion: 77.0.3865.120, chrome: {chromedriverVersion: 76.0.3809.126 (d80a294506b4..., userDataDir: C:\Users\ADMINI~1\AppData\L...}, goog:chromeOptions: {debuggerAddress: localhost:52648}, javascriptEnabled: true, networkConnectionEnabled: false, pageLoadStrategy: normal, platform: XP, platformName: XP, proxy: Proxy(), setWindowRect: true, strictFileInteractability: false, timeouts: {implicit: 0, pageLoad: 300000, script: 30000}, unhandledPromptBehavior: dismiss and notify}
Session ID: 64e80f24c7fe8fbf0776a66c043a8487
	at org.openqa.selenium.remote.http.W3CHttpResponseCodec.createException(W3CHttpResponseCodec.java:187)
	at org.openqa.selenium.remote.http.W3CHttpResponseCodec.decode(W3CHttpResponseCodec.java:122)
	at org.openqa.selenium.remote.http.W3CHttpResponseCodec.decode(W3CHttpResponseCodec.java:49)
	at org.openqa.selenium.remote.HttpCommandExecutor.execute(HttpCommandExecutor.java:158)
	at org.openqa.selenium.remote.service.DriverCommandExecutor.execute(DriverCommandExecutor.java:83)
	at org.openqa.selenium.remote.RemoteWebDriver.execute(RemoteWebDriver.java:552)
	at org.openqa.selenium.remote.RemoteWebElement.execute(RemoteWebElement.java:285)
	at org.openqa.selenium.remote.RemoteWebElement.click(RemoteWebElement.java:84)
	at zimun.torim.infra.web.ActionBot.click(ActionBot.java:80)
	at zimun.torim.infra.pages.ZimunTorimAppointmentApprovalUpdateCancelSetAnotherPage.clickOnUpdateButton(ZimunTorimAppointmentApprovalUpdateCancelSetAnotherPage.java:46)
	at zimun.torim.tests._007_ZimunTorimUpdateAppointmentTest._007_ZimunTorimUpdateAppointment(_007_ZimunTorimUpdateAppointmentTest.java:29)
... Removed 29 stack frames]]>
    </failure>
  </testcase> <!-- _007_ZimunTorimUpdateAppointment -->
</testsuite> <!-- UpdateAppointment -->
