<?xml version="1.0" encoding="UTF-8"?>
<!-- Generated by org.testng.reporters.JUnitXMLReporter -->
<testsuite hostname="EEE" failures="0" tests="4" name="VerifyRequestedServiceOptions" time="133.469" errors="0" timestamp="17 Nov 2019 11:37:55 GMT">
  <testcase classname="zimun.torim.tests._001_ZimunTorimVerifyRequestedServiceOptionsTest" name="getServiceToSelectAccordingToPatientIdAndYearOfBirth" time="8.832"/>
  <testcase classname="zimun.torim.tests._001_ZimunTorimVerifyRequestedServiceOptionsTest" name="getServiceToSelectAccordingToPatientIdAndYearOfBirth" time="63.749"/>
  <testcase classname="zimun.torim.tests._001_ZimunTorimVerifyRequestedServiceOptionsTest" name="getServiceToSelectAccordingToPatientIdAndYearOfBirth" time="56.828"/>
  <testcase classname="zimun.torim.tests._001_ZimunTorimVerifyRequestedServiceOptionsTest" name="getServiceToSelectAccordingToPatientIdAndYearOfBirth" time="3.966"/>
</testsuite> <!-- VerifyRequestedServiceOptions -->
