<?xml version="1.0" encoding="UTF-8"?>
<!-- Generated by org.testng.reporters.JUnitXMLReporter -->
<testsuite hostname="EEE" failures="0" tests="4" name="VerifyRequestedServiceOptionsAndReccomendationsForNextAppointment" time="178.616" errors="0" timestamp="24 Oct 2019 12:56:37 GMT">
  <testcase classname="zimun.torim.tests._001_ZimunTorimVerifyRequestedServiceOptionsAndReccomendationsForNextAppointmentTest" name="getServiceToSelectAccordingToPatientIdAndYearOfBirth" time="8.302"/>
  <testcase classname="zimun.torim.tests._001_ZimunTorimVerifyRequestedServiceOptionsAndReccomendationsForNextAppointmentTest" name="getServiceToSelectAccordingToPatientIdAndYearOfBirth" time="83.76"/>
  <testcase classname="zimun.torim.tests._001_ZimunTorimVerifyRequestedServiceOptionsAndReccomendationsForNextAppointmentTest" name="getServiceToSelectAccordingToPatientIdAndYearOfBirth" time="83.232"/>
  <testcase classname="zimun.torim.tests._001_ZimunTorimVerifyRequestedServiceOptionsAndReccomendationsForNextAppointmentTest" name="getServiceToSelectAccordingToPatientIdAndYearOfBirth" time="3.235"/>
</testsuite> <!-- VerifyRequestedServiceOptionsAndReccomendationsForNextAppointment -->
