<?xml version="1.0" encoding="UTF-8"?>
<testng-results total="1" passed="1" failed="0" skipped="0">
  <reporter-output>
  </reporter-output>
  <suite started-at="2019-09-02T13:04:21Z" name="Default suite" finished-at="2019-09-02T13:04:45Z" duration-ms="23188">
    <groups>
    </groups>
    <test started-at="2019-09-02T13:04:21Z" name="Default test" finished-at="2019-09-02T13:04:45Z" duration-ms="23188">
      <class name="il.co.jb.TestGitHubLogin">
        <test-method signature="testGitHub()[pri:0, instance:il.co.jb.TestGitHubLogin@2890c451]" started-at="2019-09-02T16:04:21Z" name="testGitHub" finished-at="2019-09-02T16:04:45Z" duration-ms="23150" status="PASS">
          <reporter-output>
          </reporter-output>
        </test-method> <!-- testGitHub -->
      </class> <!-- il.co.jb.TestGitHubLogin -->
    </test> <!-- Default test -->
  </suite> <!-- Default suite -->
</testng-results>
