<?xml version="1.0" encoding="UTF-8"?>
<!-- Generated by org.testng.reporters.JUnitXMLReporter -->
<testsuite hostname="EEE" failures="1" tests="1" name="VerifyPersonalDetails" time="5.034" errors="0" timestamp="17 Oct 2019 05:56:28 GMT">
  <testcase classname="zimun.torim.tests._001_ZimunTorimVerifyPersonalDetailsTest" name="_001_ZimunTorimVerifyPersonalDetails" time="4.959">
    <failure type="java.lang.AssertionError" message="Personal details page main label should be: איתור טיפות חלב וזימון תורים expected [null] but found [איתור טיפות חלב וזימון תורים]">
      <![CDATA[java.lang.AssertionError: Personal details page main label should be: איתור טיפות חלב וזימון תורים expected [null] but found [איתור טיפות חלב וזימון תורים]
	at zimun.torim.infra.utils.AssertUtils.assertEquals(AssertUtils.java:16)
	at zimun.torim.tests._001_ZimunTorimVerifyPersonalDetailsTest._001_ZimunTorimVerifyPersonalDetails(_001_ZimunTorimVerifyPersonalDetailsTest.java:56)
... Removed 27 stack frames]]>
    </failure>
  </testcase> <!-- _001_ZimunTorimVerifyPersonalDetails -->
</testsuite> <!-- VerifyPersonalDetails -->
