<?xml version="1.0" encoding="UTF-8"?>
<!-- Generated by org.testng.reporters.JUnitXMLReporter -->
<testsuite hostname="EEE" failures="0" tests="2" name="Regression2" time="100.385" errors="0" timestamp="24 Oct 2019 08:00:58 GMT">
  <testcase classname="zimun.torim.tests._002_ZimunTorimVerifyPersonalDetailsTest" name="_002_ZimunTorimVerifyPersonalDetails" time="15.029"/>
  <testcase classname="zimun.torim.tests._003_ZimunTorimStationLocatingTest" name="_003_ZimunTorimStationLocating" time="85.299"/>
</testsuite> <!-- Regression2 -->
