<?xml version="1.0" encoding="UTF-8"?>
<testng-results total="14" passed="13" failed="1" skipped="0">
  <reporter-output>
  </reporter-output>
  <suite started-at="2019-11-17T11:35:41Z" name="Suite1" finished-at="2019-11-17T11:44:24Z" duration-ms="522238">
    <groups>
    </groups>
    <test started-at="2019-11-17T11:35:41Z" name="VerifyRequestedServiceOptions" finished-at="2019-11-17T11:37:55Z" duration-ms="133469">
      <class name="zimun.torim.tests._001_ZimunTorimVerifyRequestedServiceOptionsTest">
        <test-method signature="getServiceToSelectAccordingToPatientIdAndYearOfBirth(zimun.torim.infra.web.Patient)[pri:1, instance:zimun.torim.tests._001_ZimunTorimVerifyRequestedServiceOptionsTest@7692d9cc]" started-at="2019-11-17T13:35:41Z" name="getServiceToSelectAccordingToPatientIdAndYearOfBirth" data-provider="csvParamsPatients" finished-at="2019-11-17T13:35:50Z" duration-ms="8832" status="PASS">
          <params>
            <param index="0">
              <value>
                <![CDATA[Patient id: 300736386; Year of birth: 1987; expected first service to select from: ביקור ראשון בהריון נוכחי; expected second service to select from: מעקב הריון]]>
              </value>
            </param>
          </params>
          <reporter-output>
          </reporter-output>
        </test-method> <!-- getServiceToSelectAccordingToPatientIdAndYearOfBirth -->
        <test-method signature="getServiceToSelectAccordingToPatientIdAndYearOfBirth(zimun.torim.infra.web.Patient)[pri:1, instance:zimun.torim.tests._001_ZimunTorimVerifyRequestedServiceOptionsTest@7692d9cc]" started-at="2019-11-17T13:35:50Z" name="getServiceToSelectAccordingToPatientIdAndYearOfBirth" data-provider="csvParamsPatients" finished-at="2019-11-17T13:36:54Z" duration-ms="63749" status="PASS">
          <params>
            <param index="0">
              <value>
                <![CDATA[Patient id: 310807359; Year of birth: 2018; expected first service to select from: מעקב תינוק/פעוט שוטף; expected second service to select from: ]]>
              </value>
            </param>
          </params>
          <reporter-output>
          </reporter-output>
        </test-method> <!-- getServiceToSelectAccordingToPatientIdAndYearOfBirth -->
        <test-method signature="getServiceToSelectAccordingToPatientIdAndYearOfBirth(zimun.torim.infra.web.Patient)[pri:1, instance:zimun.torim.tests._001_ZimunTorimVerifyRequestedServiceOptionsTest@7692d9cc]" started-at="2019-11-17T13:36:54Z" name="getServiceToSelectAccordingToPatientIdAndYearOfBirth" data-provider="csvParamsPatients" finished-at="2019-11-17T13:37:51Z" duration-ms="56828" status="PASS">
          <params>
            <param index="0">
              <value>
                <![CDATA[Patient id: 999846843; Year of birth: 1991; expected first service to select from: ביקור ראשון בטיפת חלב; expected second service to select from: ]]>
              </value>
            </param>
          </params>
          <reporter-output>
          </reporter-output>
        </test-method> <!-- getServiceToSelectAccordingToPatientIdAndYearOfBirth -->
        <test-method signature="getServiceToSelectAccordingToPatientIdAndYearOfBirth(zimun.torim.infra.web.Patient)[pri:1, instance:zimun.torim.tests._001_ZimunTorimVerifyRequestedServiceOptionsTest@7692d9cc]" started-at="2019-11-17T13:37:51Z" name="getServiceToSelectAccordingToPatientIdAndYearOfBirth" data-provider="csvParamsPatients" finished-at="2019-11-17T13:37:55Z" duration-ms="3966" status="PASS">
          <params>
            <param index="0">
              <value>
                <![CDATA[Patient id: 999304157; Year of birth: 2016; expected first service to select from: ביקור ראשון לתינוק נוסף במשפחה; expected second service to select from: ביקור ראשון לתינוק ראשון במשפחה]]>
              </value>
            </param>
          </params>
          <reporter-output>
          </reporter-output>
        </test-method> <!-- getServiceToSelectAccordingToPatientIdAndYearOfBirth -->
      </class> <!-- zimun.torim.tests._001_ZimunTorimVerifyRequestedServiceOptionsTest -->
    </test> <!-- VerifyRequestedServiceOptions -->
    <test started-at="2019-11-17T11:37:55Z" name="ReccomendationsForNextAppointment" finished-at="2019-11-17T11:40:56Z" duration-ms="181025">
      <class name="zimun.torim.tests._002_ZimunTorimReccomendationsForNextAppointmentTest">
        <test-method signature="getAppoitmentTypesAccordingToPatientsReccomendation(zimun.torim.infra.web.Reccomendation)[pri:2, instance:zimun.torim.tests._002_ZimunTorimReccomendationsForNextAppointmentTest@229d10bd]" started-at="2019-11-17T13:37:55Z" name="getAppoitmentTypesAccordingToPatientsReccomendation" data-provider="csvParamsReccomendationsForNextAppointment" finished-at="2019-11-17T13:39:37Z" duration-ms="102152" status="PASS">
          <params>
            <param index="0">
              <value>
                <![CDATA[Reccomendation for patient id: 300736386; should be expected appointment type: אח/ות; ]]>
              </value>
            </param>
          </params>
          <reporter-output>
          </reporter-output>
        </test-method> <!-- getAppoitmentTypesAccordingToPatientsReccomendation -->
        <test-method signature="getAppoitmentTypesAccordingToPatientsReccomendation(zimun.torim.infra.web.Reccomendation)[pri:2, instance:zimun.torim.tests._002_ZimunTorimReccomendationsForNextAppointmentTest@229d10bd]" started-at="2019-11-17T13:39:37Z" name="getAppoitmentTypesAccordingToPatientsReccomendation" data-provider="csvParamsReccomendationsForNextAppointment" finished-at="2019-11-17T13:40:56Z" duration-ms="78775" status="FAIL">
          <params>
            <param index="0">
              <value>
                <![CDATA[Reccomendation for patient id: 310807359; should be expected appointment type: אח/ות; רופא/ה]]>
              </value>
            </param>
          </params>
          <exception class="java.lang.AssertionError">
            <message>
              <![CDATA[Expecting to see 'אח/ות' within the appointment type for the patient, but recieved: 'רופא/ה' expected [true] but found [false]]]>
            </message>
            <full-stacktrace>
              <![CDATA[java.lang.AssertionError: Expecting to see 'אח/ות' within the appointment type for the patient, but recieved: 'רופא/ה' expected [true] but found [false]
	at org.testng.Assert.fail(Assert.java:94)
	at org.testng.Assert.failNotEquals(Assert.java:496)
	at org.testng.Assert.assertTrue(Assert.java:42)
	at zimun.torim.infra.utils.AssertUtils.assertTrue(AssertUtils.java:30)
	at zimun.torim.infra.utils.AssertUtils.assertTrue(AssertUtils.java:24)
	at zimun.torim.tests._002_ZimunTorimReccomendationsForNextAppointmentTest.getAppoitmentTypesAccordingToPatientsReccomendation(_002_ZimunTorimReccomendationsForNextAppointmentTest.java:125)
	at java.base/jdk.internal.reflect.NativeMethodAccessorImpl.invoke0(Native Method)
	at java.base/jdk.internal.reflect.NativeMethodAccessorImpl.invoke(NativeMethodAccessorImpl.java:62)
	at java.base/jdk.internal.reflect.DelegatingMethodAccessorImpl.invoke(DelegatingMethodAccessorImpl.java:43)
	at java.base/java.lang.reflect.Method.invoke(Method.java:567)
	at org.testng.internal.MethodInvocationHelper.invokeMethod(MethodInvocationHelper.java:85)
	at org.testng.internal.Invoker.invokeMethod(Invoker.java:639)
	at org.testng.internal.Invoker.invokeTestMethod(Invoker.java:816)
	at org.testng.internal.Invoker.invokeTestMethods(Invoker.java:1124)
	at org.testng.internal.TestMethodWorker.invokeTestMethods(TestMethodWorker.java:125)
	at org.testng.internal.TestMethodWorker.run(TestMethodWorker.java:108)
	at org.testng.TestRunner.privateRun(TestRunner.java:774)
	at org.testng.TestRunner.run(TestRunner.java:624)
	at org.testng.SuiteRunner.runTest(SuiteRunner.java:359)
	at org.testng.SuiteRunner.runSequentially(SuiteRunner.java:354)
	at org.testng.SuiteRunner.privateRun(SuiteRunner.java:312)
	at org.testng.SuiteRunner.run(SuiteRunner.java:261)
	at org.testng.SuiteRunnerWorker.runSuite(SuiteRunnerWorker.java:52)
	at org.testng.SuiteRunnerWorker.run(SuiteRunnerWorker.java:86)
	at org.testng.TestNG.runSuitesSequentially(TestNG.java:1215)
	at org.testng.TestNG.runSuitesLocally(TestNG.java:1140)
	at org.testng.TestNG.run(TestNG.java:1048)
	at org.testng.remote.AbstractRemoteTestNG.run(AbstractRemoteTestNG.java:115)
	at org.testng.remote.RemoteTestNG.initAndRun(RemoteTestNG.java:251)
	at org.testng.remote.RemoteTestNG.main(RemoteTestNG.java:77)
]]>
            </full-stacktrace>
          </exception> <!-- java.lang.AssertionError -->
          <reporter-output>
          </reporter-output>
        </test-method> <!-- getAppoitmentTypesAccordingToPatientsReccomendation -->
      </class> <!-- zimun.torim.tests._002_ZimunTorimReccomendationsForNextAppointmentTest -->
    </test> <!-- ReccomendationsForNextAppointment -->
    <test started-at="2019-11-17T11:40:56Z" name="VerifyPersonalDetails" finished-at="2019-11-17T11:41:01Z" duration-ms="5153">
      <class name="zimun.torim.tests._003_ZimunTorimVerifyPersonalDetailsTest">
        <test-method signature="_003_ZimunTorimVerifyPersonalDetails()[pri:3, instance:zimun.torim.tests._003_ZimunTorimVerifyPersonalDetailsTest@6b26e945]" started-at="2019-11-17T13:40:56Z" name="_003_ZimunTorimVerifyPersonalDetails" finished-at="2019-11-17T13:41:01Z" duration-ms="5127" status="PASS">
          <reporter-output>
          </reporter-output>
        </test-method> <!-- _003_ZimunTorimVerifyPersonalDetails -->
      </class> <!-- zimun.torim.tests._003_ZimunTorimVerifyPersonalDetailsTest -->
    </test> <!-- VerifyPersonalDetails -->
    <test started-at="2019-11-17T11:41:01Z" name="StationLocating" finished-at="2019-11-17T11:42:21Z" duration-ms="79363">
      <class name="zimun.torim.tests._004_ZimunTorimStationLocatingTest">
        <test-method signature="_004_ZimunTorimStationLocating()[pri:4, instance:zimun.torim.tests._004_ZimunTorimStationLocatingTest@d4342c2]" started-at="2019-11-17T13:41:01Z" name="_004_ZimunTorimStationLocating" finished-at="2019-11-17T13:42:21Z" duration-ms="79337" status="PASS">
          <reporter-output>
          </reporter-output>
        </test-method> <!-- _004_ZimunTorimStationLocating -->
      </class> <!-- zimun.torim.tests._004_ZimunTorimStationLocatingTest -->
    </test> <!-- StationLocating -->
    <test started-at="2019-11-17T11:42:21Z" name="SelectAppointment" finished-at="2019-11-17T11:42:23Z" duration-ms="1791">
      <class name="zimun.torim.tests._005_ZimunTorimSelectAppointmentTest">
        <test-method signature="_005_ZimunTorimSelectAppointment()[pri:5, instance:zimun.torim.tests._005_ZimunTorimSelectAppointmentTest@647fd8ce]" started-at="2019-11-17T13:42:21Z" name="_005_ZimunTorimSelectAppointment" finished-at="2019-11-17T13:42:22Z" duration-ms="1761" status="PASS">
          <reporter-output>
          </reporter-output>
        </test-method> <!-- _005_ZimunTorimSelectAppointment -->
      </class> <!-- zimun.torim.tests._005_ZimunTorimSelectAppointmentTest -->
    </test> <!-- SelectAppointment -->
    <test started-at="2019-11-17T11:42:23Z" name="SetAppointment" finished-at="2019-11-17T11:42:27Z" duration-ms="4266">
      <class name="zimun.torim.tests._006_ZimunTorimSetAppointmentTest">
        <test-method signature="_006_ZimunTorimSetAppointment()[pri:6, instance:zimun.torim.tests._006_ZimunTorimSetAppointmentTest@6ac13091]" started-at="2019-11-17T13:42:23Z" name="_006_ZimunTorimSetAppointment" finished-at="2019-11-17T13:42:27Z" duration-ms="4209" status="PASS">
          <reporter-output>
          </reporter-output>
        </test-method> <!-- _006_ZimunTorimSetAppointment -->
      </class> <!-- zimun.torim.tests._006_ZimunTorimSetAppointmentTest -->
    </test> <!-- SetAppointment -->
    <test started-at="2019-11-17T11:42:27Z" name="AppointmentApproval" finished-at="2019-11-17T11:42:35Z" duration-ms="7617">
      <class name="zimun.torim.tests._007_ZimunTorimAppointmentApprovalTest">
        <test-method signature="_007_ZimunTorimAppointmentApproval()[pri:7, instance:zimun.torim.tests._007_ZimunTorimAppointmentApprovalTest@670002]" started-at="2019-11-17T13:42:27Z" name="_007_ZimunTorimAppointmentApproval" finished-at="2019-11-17T13:42:35Z" duration-ms="7573" status="PASS">
          <reporter-output>
          </reporter-output>
        </test-method> <!-- _007_ZimunTorimAppointmentApproval -->
      </class> <!-- zimun.torim.tests._007_ZimunTorimAppointmentApprovalTest -->
    </test> <!-- AppointmentApproval -->
    <test started-at="2019-11-17T11:42:35Z" name="UpdateAppointment" finished-at="2019-11-17T11:42:36Z" duration-ms="1106">
      <class name="zimun.torim.tests._009_ZimunTorimUpdateAppointmentTest">
        <test-method signature="_009_ZimunTorimUpdateAppointment()[pri:9, instance:zimun.torim.tests._009_ZimunTorimUpdateAppointmentTest@3cc2931c]" started-at="2019-11-17T13:42:35Z" name="_009_ZimunTorimUpdateAppointment" finished-at="2019-11-17T13:42:36Z" duration-ms="1053" status="PASS">
          <reporter-output>
          </reporter-output>
        </test-method> <!-- _009_ZimunTorimUpdateAppointment -->
      </class> <!-- zimun.torim.tests._009_ZimunTorimUpdateAppointmentTest -->
    </test> <!-- UpdateAppointment -->
    <test started-at="2019-11-17T11:42:36Z" name="SetAdditionalAppointment" finished-at="2019-11-17T11:42:37Z" duration-ms="1060">
      <class name="zimun.torim.tests._010_ZimunTorimSetAdditionalAppointmentTest">
        <test-method signature="_010_ZimunTorimSetAdditionalAppointment()[pri:10, instance:zimun.torim.tests._010_ZimunTorimSetAdditionalAppointmentTest@4b14c583]" started-at="2019-11-17T13:42:36Z" name="_010_ZimunTorimSetAdditionalAppointment" finished-at="2019-11-17T13:42:37Z" duration-ms="1005" status="PASS">
          <reporter-output>
          </reporter-output>
        </test-method> <!-- _010_ZimunTorimSetAdditionalAppointment -->
      </class> <!-- zimun.torim.tests._010_ZimunTorimSetAdditionalAppointmentTest -->
    </test> <!-- SetAdditionalAppointment -->
    <test started-at="2019-11-17T11:42:38Z" name="VerifyEmailNotificationsRecieved" finished-at="2019-11-17T11:44:24Z" duration-ms="105929">
      <class name="zimun.torim.tests._011_ZimunTorimVerifyEmailNotificationsRecievedTest">
        <test-method is-config="true" signature="beforeMethod()[pri:0, instance:zimun.torim.tests._011_ZimunTorimVerifyEmailNotificationsRecievedTest@3eb7fc54]" started-at="2019-11-17T13:35:36Z" name="beforeMethod" finished-at="2019-11-17T13:35:41Z" duration-ms="5195" status="PASS">
          <reporter-output>
          </reporter-output>
        </test-method> <!-- beforeMethod -->
        <test-method is-config="true" signature="getCurrentSuite(org.testng.ITestContext)[pri:0, instance:zimun.torim.tests._011_ZimunTorimVerifyEmailNotificationsRecievedTest@3eb7fc54]" started-at="2019-11-17T13:35:41Z" name="getCurrentSuite" finished-at="2019-11-17T13:35:41Z" duration-ms="2" status="PASS">
          <params>
            <param index="0">
              <value>
                <![CDATA[org.testng.TestRunner@56c0a61e]]>
              </value>
            </param>
          </params>
          <reporter-output>
          </reporter-output>
        </test-method> <!-- getCurrentSuite -->
        <test-method signature="_011_ZimunTorimVerifyEmailNotificationsRecieved()[pri:11, instance:zimun.torim.tests._011_ZimunTorimVerifyEmailNotificationsRecievedTest@3eb7fc54]" started-at="2019-11-17T13:42:38Z" name="_011_ZimunTorimVerifyEmailNotificationsRecieved" finished-at="2019-11-17T13:44:24Z" duration-ms="105874" status="PASS">
          <reporter-output>
          </reporter-output>
        </test-method> <!-- _011_ZimunTorimVerifyEmailNotificationsRecieved -->
      </class> <!-- zimun.torim.tests._011_ZimunTorimVerifyEmailNotificationsRecievedTest -->
    </test> <!-- VerifyEmailNotificationsRecieved -->
  </suite> <!-- Suite1 -->
</testng-results>
