<?xml version="1.0" encoding="UTF-8"?>
<testng-results total="6" passed="6" failed="0" skipped="0">
  <reporter-output>
  </reporter-output>
  <suite started-at="2019-10-02T07:46:21Z" name="Suite1" finished-at="2019-10-02T07:49:39Z" duration-ms="197737">
    <groups>
    </groups>
    <test started-at="2019-10-02T07:46:21Z" name="Regression1" finished-at="2019-10-02T07:49:39Z" duration-ms="197737">
      <class name="zimun.torim.tests._005_ZimunTorimAppointmentApprovalTest">
        <test-method signature="ZimunTorimAppointmentApproval()[pri:5, instance:zimun.torim.tests._005_ZimunTorimAppointmentApprovalTest@750e2b97]" started-at="2019-10-02T10:47:22Z" name="ZimunTorimAppointmentApproval" finished-at="2019-10-02T10:47:23Z" duration-ms="796" status="PASS">
          <reporter-output>
          </reporter-output>
        </test-method> <!-- ZimunTorimAppointmentApproval -->
      </class> <!-- zimun.torim.tests._005_ZimunTorimAppointmentApprovalTest -->
      <class name="zimun.torim.tests._002_ZimunTorimStationLocatingTest">
        <test-method signature="_002_ZimunTorimStationLocating()[pri:2, instance:zimun.torim.tests._002_ZimunTorimStationLocatingTest@2892d68]" started-at="2019-10-02T10:46:28Z" name="_002_ZimunTorimStationLocating" finished-at="2019-10-02T10:47:20Z" duration-ms="52574" status="PASS">
          <reporter-output>
          </reporter-output>
        </test-method> <!-- _002_ZimunTorimStationLocating -->
      </class> <!-- zimun.torim.tests._002_ZimunTorimStationLocatingTest -->
      <class name="zimun.torim.tests._003_ZimunTorimSelectAppointmentTest">
        <test-method signature="ZimunTorimSelectAppointment()[pri:3, instance:zimun.torim.tests._003_ZimunTorimSelectAppointmentTest@5ab956d7]" started-at="2019-10-02T10:47:20Z" name="ZimunTorimSelectAppointment" finished-at="2019-10-02T10:47:21Z" duration-ms="814" status="PASS">
          <reporter-output>
          </reporter-output>
        </test-method> <!-- ZimunTorimSelectAppointment -->
      </class> <!-- zimun.torim.tests._003_ZimunTorimSelectAppointmentTest -->
      <class name="zimun.torim.tests._004_ZimunTorimSetAppointmentTest">
        <test-method signature="ZimunTorimSetAppointment()[pri:4, instance:zimun.torim.tests._004_ZimunTorimSetAppointmentTest@3646a422]" started-at="2019-10-02T10:47:21Z" name="ZimunTorimSetAppointment" finished-at="2019-10-02T10:47:22Z" duration-ms="750" status="PASS">
          <reporter-output>
          </reporter-output>
        </test-method> <!-- ZimunTorimSetAppointment -->
      </class> <!-- zimun.torim.tests._004_ZimunTorimSetAppointmentTest -->
      <class name="zimun.torim.tests._001_ZimunTorimVerifyPersonalDetailsTest">
        <test-method is-config="true" signature="beforeMethod()[pri:0, instance:zimun.torim.tests._001_ZimunTorimVerifyPersonalDetailsTest@d86a6f]" started-at="2019-10-02T10:46:17Z" name="beforeMethod" finished-at="2019-10-02T10:46:21Z" duration-ms="4724" status="PASS">
          <reporter-output>
          </reporter-output>
        </test-method> <!-- beforeMethod -->
        <test-method signature="_001_ZimunTorimVerifyPersonalDetails()[pri:1, instance:zimun.torim.tests._001_ZimunTorimVerifyPersonalDetailsTest@d86a6f]" started-at="2019-10-02T10:46:21Z" name="_001_ZimunTorimVerifyPersonalDetails" finished-at="2019-10-02T10:46:28Z" duration-ms="6238" status="PASS">
          <reporter-output>
          </reporter-output>
        </test-method> <!-- _001_ZimunTorimVerifyPersonalDetails -->
      </class> <!-- zimun.torim.tests._001_ZimunTorimVerifyPersonalDetailsTest -->
      <class name="zimun.torim.tests._006_ZimunTorimCancelAppointmentTest">
        <test-method signature="ZimunTorimCancelAppointment()[pri:6, instance:zimun.torim.tests._006_ZimunTorimCancelAppointmentTest@3e27aa33]" started-at="2019-10-02T10:47:23Z" name="ZimunTorimCancelAppointment" finished-at="2019-10-02T10:49:18Z" duration-ms="114952" status="PASS">
          <reporter-output>
          </reporter-output>
        </test-method> <!-- ZimunTorimCancelAppointment -->
      </class> <!-- zimun.torim.tests._006_ZimunTorimCancelAppointmentTest -->
    </test> <!-- Regression1 -->
  </suite> <!-- Suite1 -->
</testng-results>
