<?xml version="1.0" encoding="UTF-8"?>
<testng-results total="1" passed="1" failed="0" skipped="0">
  <reporter-output>
  </reporter-output>
  <suite started-at="2019-09-21T08:43:01Z" name="Default suite" finished-at="2019-09-21T08:44:14Z" duration-ms="72853">
    <groups>
    </groups>
    <test started-at="2019-09-21T08:43:01Z" name="Default test" finished-at="2019-09-21T08:44:14Z" duration-ms="72853">
      <class name="zimun.torim.SetNewAppointment">
        <test-method signature="setNewAppointment()[pri:0, instance:zimun.torim.SetNewAppointment@22635ba0]" started-at="2019-09-21T11:43:01Z" name="setNewAppointment" finished-at="2019-09-21T11:44:14Z" duration-ms="72802" status="PASS">
          <reporter-output>
          </reporter-output>
        </test-method> <!-- setNewAppointment -->
      </class> <!-- zimun.torim.SetNewAppointment -->
    </test> <!-- Default test -->
  </suite> <!-- Default suite -->
</testng-results>
