<?xml version="1.0" encoding="UTF-8"?>
<testng-results total="2" passed="2" failed="0" skipped="0">
  <reporter-output>
  </reporter-output>
  <suite started-at="2019-10-26T18:44:14Z" name="Default suite" finished-at="2019-10-26T18:46:36Z" duration-ms="141592">
    <groups>
    </groups>
    <test started-at="2019-10-26T18:44:14Z" name="Default test" finished-at="2019-10-26T18:46:36Z" duration-ms="141592">
      <class name="zimun.torim.tests._002_ZimunTorimReccomendationsForNextAppointmentTest">
        <test-method is-config="true" signature="beforeMethod()[pri:0, instance:zimun.torim.tests._002_ZimunTorimReccomendationsForNextAppointmentTest@7692d9cc]" started-at="2019-10-26T21:44:09Z" name="beforeMethod" finished-at="2019-10-26T21:44:14Z" duration-ms="4590" status="PASS">
          <reporter-output>
          </reporter-output>
        </test-method> <!-- beforeMethod -->
        <test-method is-config="true" signature="getCurrentSuite(org.testng.ITestContext)[pri:0, instance:zimun.torim.tests._002_ZimunTorimReccomendationsForNextAppointmentTest@7692d9cc]" started-at="2019-10-26T21:44:14Z" name="getCurrentSuite" finished-at="2019-10-26T21:44:14Z" duration-ms="8" status="PASS">
          <params>
            <param index="0">
              <value>
                <![CDATA[org.testng.TestRunner@7e1f584d]]>
              </value>
            </param>
          </params>
          <reporter-output>
          </reporter-output>
        </test-method> <!-- getCurrentSuite -->
        <test-method signature="getAppoitmentTypesAccordingToPatientsReccomendation(zimun.torim.infra.web.Reccomendation)[pri:2, instance:zimun.torim.tests._002_ZimunTorimReccomendationsForNextAppointmentTest@7692d9cc]" started-at="2019-10-26T21:44:14Z" name="getAppoitmentTypesAccordingToPatientsReccomendation" data-provider="csvParamsReccomendationsForNextAppointment" finished-at="2019-10-26T21:46:22Z" duration-ms="127980" status="PASS">
          <params>
            <param index="0">
              <value>
                <![CDATA[Reccomendation for patient id: 300736386; should be expected appointment type: אח/ות; ]]>
              </value>
            </param>
          </params>
          <reporter-output>
          </reporter-output>
        </test-method> <!-- getAppoitmentTypesAccordingToPatientsReccomendation -->
        <test-method signature="getAppoitmentTypesAccordingToPatientsReccomendation(zimun.torim.infra.web.Reccomendation)[pri:2, instance:zimun.torim.tests._002_ZimunTorimReccomendationsForNextAppointmentTest@7692d9cc]" started-at="2019-10-26T21:46:22Z" name="getAppoitmentTypesAccordingToPatientsReccomendation" data-provider="csvParamsReccomendationsForNextAppointment" finished-at="2019-10-26T21:46:36Z" duration-ms="13549" status="PASS">
          <params>
            <param index="0">
              <value>
                <![CDATA[Reccomendation for patient id: 310807359; should be expected appointment type: אח/ות; רופא/ה]]>
              </value>
            </param>
          </params>
          <reporter-output>
          </reporter-output>
        </test-method> <!-- getAppoitmentTypesAccordingToPatientsReccomendation -->
      </class> <!-- zimun.torim.tests._002_ZimunTorimReccomendationsForNextAppointmentTest -->
    </test> <!-- Default test -->
  </suite> <!-- Default suite -->
</testng-results>
