<?xml version="1.0" encoding="UTF-8"?>
<testng-results total="5" passed="5" failed="0" skipped="0">
  <reporter-output>
  </reporter-output>
  <suite started-at="2019-10-06T09:57:43Z" name="Suite1" finished-at="2019-10-06T09:59:38Z" duration-ms="114977">
    <groups>
    </groups>
    <test started-at="2019-10-06T09:57:43Z" name="Regression1" finished-at="2019-10-06T09:59:38Z" duration-ms="114977">
      <class name="zimun.torim.tests._005_ZimunTorimAppointmentApprovalTest">
        <test-method signature="ZimunTorimAppointmentApproval()[pri:5, instance:zimun.torim.tests._005_ZimunTorimAppointmentApprovalTest@2f177a4b]" started-at="2019-10-06T12:59:37Z" name="ZimunTorimAppointmentApproval" finished-at="2019-10-06T12:59:38Z" duration-ms="523" status="PASS">
          <reporter-output>
          </reporter-output>
        </test-method> <!-- ZimunTorimAppointmentApproval -->
      </class> <!-- zimun.torim.tests._005_ZimunTorimAppointmentApprovalTest -->
      <class name="zimun.torim.tests._002_ZimunTorimStationLocatingTest">
        <test-method signature="_002_ZimunTorimStationLocating()[pri:2, instance:zimun.torim.tests._002_ZimunTorimStationLocatingTest@2928854b]" started-at="2019-10-06T12:57:55Z" name="_002_ZimunTorimStationLocating" finished-at="2019-10-06T12:58:48Z" duration-ms="53053" status="PASS">
          <reporter-output>
          </reporter-output>
        </test-method> <!-- _002_ZimunTorimStationLocating -->
      </class> <!-- zimun.torim.tests._002_ZimunTorimStationLocatingTest -->
      <class name="zimun.torim.tests._003_ZimunTorimSelectAppointmentTest">
        <test-method signature="ZimunTorimSelectAppointment()[pri:3, instance:zimun.torim.tests._003_ZimunTorimSelectAppointmentTest@27ae2fd0]" started-at="2019-10-06T12:58:48Z" name="ZimunTorimSelectAppointment" finished-at="2019-10-06T12:58:49Z" duration-ms="943" status="PASS">
          <reporter-output>
          </reporter-output>
        </test-method> <!-- ZimunTorimSelectAppointment -->
      </class> <!-- zimun.torim.tests._003_ZimunTorimSelectAppointmentTest -->
      <class name="zimun.torim.tests._004_ZimunTorimSetAppointmentTest">
        <test-method signature="ZimunTorimSetAppointment()[pri:4, instance:zimun.torim.tests._004_ZimunTorimSetAppointmentTest@29176cc1]" started-at="2019-10-06T12:58:49Z" name="ZimunTorimSetAppointment" finished-at="2019-10-06T12:59:37Z" duration-ms="48235" status="PASS">
          <reporter-output>
          </reporter-output>
        </test-method> <!-- ZimunTorimSetAppointment -->
      </class> <!-- zimun.torim.tests._004_ZimunTorimSetAppointmentTest -->
      <class name="zimun.torim.tests._001_ZimunTorimVerifyPersonalDetailsTest">
        <test-method is-config="true" signature="beforeMethod()[pri:0, instance:zimun.torim.tests._001_ZimunTorimVerifyPersonalDetailsTest@79efed2d]" started-at="2019-10-06T12:57:39Z" name="beforeMethod" finished-at="2019-10-06T12:57:43Z" duration-ms="4045" status="PASS">
          <reporter-output>
          </reporter-output>
        </test-method> <!-- beforeMethod -->
        <test-method signature="_001_ZimunTorimVerifyPersonalDetails()[pri:1, instance:zimun.torim.tests._001_ZimunTorimVerifyPersonalDetailsTest@79efed2d]" started-at="2019-10-06T12:57:43Z" name="_001_ZimunTorimVerifyPersonalDetails" finished-at="2019-10-06T12:57:55Z" duration-ms="12113" status="PASS">
          <reporter-output>
          </reporter-output>
        </test-method> <!-- _001_ZimunTorimVerifyPersonalDetails -->
      </class> <!-- zimun.torim.tests._001_ZimunTorimVerifyPersonalDetailsTest -->
    </test> <!-- Regression1 -->
  </suite> <!-- Suite1 -->
</testng-results>
