<?xml version="1.0" encoding="UTF-8"?>
<testng-results total="1" passed="1" failed="0" skipped="0">
  <reporter-output>
  </reporter-output>
  <suite started-at="2019-08-21T17:52:17Z" name="Default suite" finished-at="2019-08-21T17:52:17Z" duration-ms="42">
    <groups>
    </groups>
    <test started-at="2019-08-21T17:52:17Z" name="Default test" finished-at="2019-08-21T17:52:17Z" duration-ms="42">
      <class name="il.co.jb.il.co.jb.NewTest">
        <test-method signature="test1()[pri:0, instance:il.co.jb.il.co.jb.NewTest@77e9807f]" started-at="2019-08-21T20:52:17Z" name="test1" finished-at="2019-08-21T20:52:17Z" duration-ms="15" status="PASS">
          <reporter-output>
          </reporter-output>
        </test-method> <!-- test1 -->
      </class> <!-- il.co.jb.il.co.jb.NewTest -->
    </test> <!-- Default test -->
  </suite> <!-- Default suite -->
</testng-results>
