<?xml version="1.0" encoding="UTF-8"?>
<!-- Generated by org.testng.reporters.JUnitXMLReporter -->
<testsuite hostname="EEE" failures="0" tests="5" name="Default test" time="0.048" errors="0" timestamp="24 Aug 2019 11:34:57 GMT">
  <testcase classname="il.co.jb.NewTest" name="test1" time="0.012"/>
  <testcase classname="il.co.jb.NewTest" name="testCalculatorAdd" time="0.005"/>
  <testcase classname="il.co.jb.NewTest" name="testCalculatorDivide" time="0.003"/>
  <testcase classname="il.co.jb.NewTest" name="testCalculatorMultiply" time="0.002"/>
  <testcase classname="il.co.jb.NewTest" name="testCalculatorSubstruct" time="0.002"/>
</testsuite> <!-- Default test -->
