<?xml version="1.0" encoding="UTF-8"?>
<!-- Generated by org.testng.reporters.JUnitXMLReporter -->
<testsuite hostname="EEE" failures="0" tests="1" name="Default test" time="0.222" errors="0" timestamp="13 Oct 2019 08:44:09 GMT">
  <testcase classname="zimun.torim.tests._001_ZimunTorimVerifyRequestedServiceOptionsAndReccomendationsForNextAppointment" name="getServiceToSelectAccordingToPatientIdAndYearOfBirth" time="0.0">
    <skipped/>
  </testcase> <!-- getServiceToSelectAccordingToPatientIdAndYearOfBirth -->
</testsuite> <!-- Default test -->
